{"name": "[400]BAD_REQUEST - Invalid authorization with empty data", "status": "failed", "statusDetails": {"message": "AssertionError: Incorrect value:  \"message\"\nExpected value: \"username: must not be blank; password: must not be blank\"Actual value:     \"password: must not be blank; username: must not be blank\"", "trace": "self = <test.test_suits.authentication.test_authentication.TestAuthentication object at 0x000001A8DC7DB3E0>\nauthentication_client = <test.clients.authentication.authentication_client.AuthenticationClient object at 0x000001A8DC8D8860>\n\n    @pytest.mark.flaky(reruns=3, reruns_delay=1)\n    @allure.title(\"[400]BAD_REQUEST - Invalid authorization with empty data\")\n    @allure.tag(AllureTag.VALIDATE_ENTITY)\n    @allure.story(AllureStory.GET_ENTITY)\n    @allure.sub_suite(AllureStory.VALIDATE_ENTITY)\n    @allure.severity(AllureSeverity.MAJOR)\n    def test_invalid_authorization_with_empty_data(self, authentication_client: AuthenticationClient):\n        query = AuthorizationQuerySchema(username='',\n                                         password=\"\")\n        response = authentication_client.authorization_api(query=query)\n        response_data = InvalidAuthorizationResponseSchema.model_validate_json(response.text)\n    \n        assert_status_code(response.status_code, HTTPStatus.BAD_REQUEST)\n>       assert_invalid_authorization_response_with_empty_data(response=response_data)\n\ntest\\test_suits\\authentication\\test_authentication.py:127: \n_ _ _ _ _ _ _ _ _ _ _ _ _ _ _ _ _ _ _ _ _ _ _ _ _ _ _ _ _ _ _ _ _ _ _ _ _ _ _ _ _ _ _ _ _ _ _ _ _ _ _ _ _ _ _ _ _ _ _ _ _ _ _ _ _ _ _ _ _ _ _ _ _ _ _ _ _ _ _ _ _ _ _ _ _ _ _ _ _ _ _ _ _ _ _ _ _ _ _ _ _ _ _ _ _ _ _ _ _ _ _ _ _ _\ntest\\test_suits\\authentication\\authentication_assertions.py:78: in assert_invalid_authorization_response_with_empty_data\n    assert_equal(actual=response.message,\n_ _ _ _ _ _ _ _ _ _ _ _ _ _ _ _ _ _ _ _ _ _ _ _ _ _ _ _ _ _ _ _ _ _ _ _ _ _ _ _ _ _ _ _ _ _ _ _ _ _ _ _ _ _ _ _ _ _ _ _ _ _ _ _ _ _ _ _ _ _ _ _ _ _ _ _ _ _ _ _ _ _ _ _ _ _ _ _ _ _ _ _ _ _ _ _ _ _ _ _ _ _ _ _ _ _ _ _ _ _ _ _ _ _\n\nactual = 'password: must not be blank; username: must not be blank', expected = 'username: must not be blank; password: must not be blank', name = 'message'\n\n    @allure.step('Check object: {name} - equals to {expected}')\n    def assert_equal(actual: Any, expected: Any, name: str):\n        \"\"\"\n        Проверяет, что фактическое значение равно ожидаемому.\n    \n        :param name: Название проверяемого значения.\n        :param actual: Фактическое значение.\n        :param expected: Ожидаемое значение.\n        :raises AssertionError: Если фактическое значение не равно ожидаемому.\n        \"\"\"\n        logger.info(f'Check object: \"{name}\" - equals to \"{expected}\"')\n>       assert actual == expected, \\\n               ^^^^^^^^^^^^^^^^^^\n            (\n                f'Incorrect value:  \"{name}\"'\n                f'\\nExpected value: \"{expected}\"'\n                f'Actual value:     \"{actual}\"'\n            )\nE       AssertionError: Incorrect value:  \"message\"\nE       Expected value: \"username: must not be blank; password: must not be blank\"Actual value:     \"password: must not be blank; username: must not be blank\"\n\ntest\\tools\\assertions\\base.py:37: AssertionError"}, "steps": [{"name": "Get access token used by username and password", "status": "passed", "steps": [{"name": "Make POST-request to '/authorization'", "status": "passed", "parameters": [{"name": "url", "value": "'/authorization'"}, {"name": "params", "value": "{'username': '', 'password': ''}"}, {"name": "json", "value": "None"}, {"name": "data", "value": "None"}, {"name": "files", "value": "None"}], "start": 1769611752555, "stop": 1769611752682}], "parameters": [{"name": "query", "value": "AuthorizationQuerySchema(username='', password='')"}], "start": 1769611752555, "stop": 1769611752682}, {"name": "Check response status code equals to <HTTPStatus.BAD_REQUEST: 400>", "status": "passed", "parameters": [{"name": "actual", "value": "400"}, {"name": "expected", "value": "<HTTPStatus.BAD_REQUEST: 400>"}], "start": 1769611752682, "stop": 1769611752682}, {"name": "Check invalid authorization response with empty data", "status": "failed", "statusDetails": {"message": "AssertionError: Incorrect value:  \"message\"\nExpected value: \"username: must not be blank; password: must not be blank\"Actual value:     \"password: must not be blank; username: must not be blank\"\n", "trace": "  File \"C:\\Users\\user\\PycharmProjects\\nord_codes_api\\venv\\Lib\\site-packages\\allure_commons\\_allure.py\", line 202, in impl\n    return func(*a, **kw)\n           ^^^^^^^^^^^^^^\n  File \"C:\\Users\\user\\PycharmProjects\\nord_codes_api\\test\\test_suits\\authentication\\authentication_assertions.py\", line 78, in assert_invalid_authorization_response_with_empty_data\n    assert_equal(actual=response.message,\n  File \"C:\\Users\\user\\PycharmProjects\\nord_codes_api\\venv\\Lib\\site-packages\\allure_commons\\_allure.py\", line 202, in impl\n    return func(*a, **kw)\n           ^^^^^^^^^^^^^^\n  File \"C:\\Users\\user\\PycharmProjects\\nord_codes_api\\test\\tools\\assertions\\base.py\", line 37, in assert_equal\n    assert actual == expected, \\\n           ^^^^^^^^^^^^^^^^^^\n"}, "steps": [{"name": "Check object: 'result' - equals to 'ERROR'", "status": "passed", "parameters": [{"name": "actual", "value": "'ERROR'"}, {"name": "expected", "value": "'ERROR'"}, {"name": "name", "value": "'result'"}], "start": 1769611752682, "stop": 1769611752682}, {"name": "Check object: 'message' - equals to 'username: must not be blank; password: must not be blank'", "status": "failed", "statusDetails": {"message": "AssertionError: Incorrect value:  \"message\"\nExpected value: \"username: must not be blank; password: must not be blank\"Actual value:     \"password: must not be blank; username: must not be blank\"\n", "trace": "  File \"C:\\Users\\user\\PycharmProjects\\nord_codes_api\\venv\\Lib\\site-packages\\allure_commons\\_allure.py\", line 202, in impl\n    return func(*a, **kw)\n           ^^^^^^^^^^^^^^\n  File \"C:\\Users\\user\\PycharmProjects\\nord_codes_api\\test\\tools\\assertions\\base.py\", line 37, in assert_equal\n    assert actual == expected, \\\n           ^^^^^^^^^^^^^^^^^^\n"}, "parameters": [{"name": "actual", "value": "'password: must not be blank; username: must not be blank'"}, {"name": "expected", "value": "'username: must not be blank; password: must not be blank'"}, {"name": "name", "value": "'message'"}], "start": 1769611752682, "stop": 1769611752682}], "parameters": [{"name": "response", "value": "InvalidAuthorizationResponseSchema(result='ERROR', message='password: must not be blank; username: must not be blank')"}], "start": 1769611752682, "stop": 1769611752683}], "attachments": [{"name": "log", "source": "bd5a3bfe-4979-4e09-943c-04b5eecdc615-attachment.txt", "type": "text/plain"}], "start": 1769611752555, "stop": 1769611752683, "uuid": "019fc940-393e-4b68-9912-ccbdeb3a1f0e", "historyId": "db96b2b46acfee475747b37b729292cb", "testCaseId": "db96b2b46acfee475747b37b729292cb", "fullName": "test.test_suits.authentication.test_authentication.TestAuthentication#test_invalid_authorization_with_empty_data", "labels": [{"name": "story", "value": "Get entity"}, {"name": "subSuite", "value": "Validate entity"}, {"name": "feature", "value": "AUTHENTICATION"}, {"name": "tag", "value": "REGRESSION"}, {"name": "parentSuite", "value": "NordCodes"}, {"name": "tag", "value": "VALIDATE_ENTITY"}, {"name": "suite", "value": "AUTHENTICATION"}, {"name": "severity", "value": "major"}, {"name": "tag", "value": "AUTHENTICATION"}, {"name": "epic", "value": "NordCodes"}, {"name": "tag", "value": "regression"}, {"name": "tag", "value": "authentication"}, {"name": "host", "value": "bic-pdt-153"}, {"name": "thread", "value": "6340-MainThread"}, {"name": "framework", "value": "pytest"}, {"name": "language", "value": "cpython3"}, {"name": "package", "value": "test.test_suits.authentication.test_authentication"}], "titlePath": ["test", "test_suits", "authentication", "test_authentication.py", "TestAuthentication"]}